<?xml version="1.0" encoding="UTF-8"?>
<testng-results ignored="0" total="1" passed="1" failed="0" skipped="0">
  <reporter-output>
  </reporter-output>
  <suite started-at="2020-08-31T11:20:36 CDT" name="Surefire suite" finished-at="2020-08-31T11:20:36 CDT" duration-ms="27">
    <groups>
    </groups>
    <test started-at="2020-08-31T11:20:36 CDT" name="Surefire test" finished-at="2020-08-31T11:20:36 CDT" duration-ms="27">
      <class name="qaclickacademy.Mavenjava.AppTest">
        <test-method signature="testApp()[pri:0, instance:testApp(qaclickacademy.Mavenjava.AppTest)]" started-at="2020-08-31T11:20:36 CDT" name="testApp" finished-at="2020-08-31T11:20:36 CDT" duration-ms="1" status="PASS">
          <reporter-output>
          </reporter-output>
        </test-method> <!-- testApp -->
      </class> <!-- qaclickacademy.Mavenjava.AppTest -->
    </test> <!-- Surefire test -->
  </suite> <!-- Surefire suite -->
</testng-results>
