<?xml version="1.0" encoding="UTF-8"?>
<testng-results ignored="0" total="2" passed="2" failed="0" skipped="0">
  <reporter-output>
  </reporter-output>
  <suite started-at="2020-08-31T11:20:35 CDT" name="Surefire suite" finished-at="2020-08-31T11:20:35 CDT" duration-ms="152">
    <groups>
    </groups>
    <test started-at="2020-08-31T11:20:35 CDT" name="Surefire test" finished-at="2020-08-31T11:20:35 CDT" duration-ms="152">
      <class name="qaclickacademy.Mavenjava.seleniumTest">
        <test-method signature="browserAutomation()[pri:0, instance:qaclickacademy.Mavenjava.seleniumTest@702657cc]" started-at="2020-08-31T11:20:35 CDT" name="browserAutomation" finished-at="2020-08-31T11:20:35 CDT" duration-ms="5" status="PASS">
          <reporter-output>
          </reporter-output>
        </test-method> <!-- browserAutomation -->
        <test-method signature="element()[pri:0, instance:qaclickacademy.Mavenjava.seleniumTest@702657cc]" started-at="2020-08-31T11:20:35 CDT" name="element" finished-at="2020-08-31T11:20:35 CDT" duration-ms="0" status="PASS">
          <reporter-output>
          </reporter-output>
        </test-method> <!-- element -->
      </class> <!-- qaclickacademy.Mavenjava.seleniumTest -->
    </test> <!-- Surefire test -->
  </suite> <!-- Surefire suite -->
</testng-results>
