<?xml version="1.0" encoding="UTF-8"?>
<!-- Generated by org.testng.reporters.JUnitXMLReporter -->
<testsuite ignored="0" hostname="DESKTOP-K7BP9Q8" failures="0" tests="4" name="Test" time="0.074" errors="0" timestamp="2020-08-31T12:31:45 CDT">
  <testcase classname="qaclickacademy.Mavenjava.restApiTest" name="postJira" time="0.009"/>
  <testcase classname="qaclickacademy.Mavenjava.restApiTest" name="preJira" time="0.001"/>
  <testcase classname="qaclickacademy.Mavenjava.seleniumTest" name="browserAutomation" time="0.0"/>
  <testcase classname="qaclickacademy.Mavenjava.seleniumTest" name="element" time="0.0"/>
</testsuite> <!-- Test -->
