<?xml version="1.0" encoding="UTF-8"?>
<testng-results ignored="0" total="4" passed="4" failed="0" skipped="0">
  <reporter-output>
  </reporter-output>
  <suite started-at="2020-08-31T12:31:45 CDT" name="Suite" finished-at="2020-08-31T12:31:45 CDT" duration-ms="74">
    <groups>
    </groups>
    <test started-at="2020-08-31T12:31:45 CDT" name="Test" finished-at="2020-08-31T12:31:45 CDT" duration-ms="74">
      <class name="qaclickacademy.Mavenjava.seleniumTest">
        <test-method signature="browserAutomation()[pri:0, instance:qaclickacademy.Mavenjava.seleniumTest@65b3f4a4]" started-at="2020-08-31T12:31:45 CDT" name="browserAutomation" finished-at="2020-08-31T12:31:45 CDT" duration-ms="0" status="PASS">
          <reporter-output>
          </reporter-output>
        </test-method> <!-- browserAutomation -->
        <test-method signature="element()[pri:0, instance:qaclickacademy.Mavenjava.seleniumTest@65b3f4a4]" started-at="2020-08-31T12:31:45 CDT" name="element" finished-at="2020-08-31T12:31:45 CDT" duration-ms="0" status="PASS">
          <reporter-output>
          </reporter-output>
        </test-method> <!-- element -->
      </class> <!-- qaclickacademy.Mavenjava.seleniumTest -->
      <class name="qaclickacademy.Mavenjava.restApiTest">
        <test-method signature="postJira()[pri:0, instance:qaclickacademy.Mavenjava.restApiTest@1018bde2]" started-at="2020-08-31T12:31:45 CDT" name="postJira" finished-at="2020-08-31T12:31:45 CDT" duration-ms="9" status="PASS">
          <reporter-output>
          </reporter-output>
        </test-method> <!-- postJira -->
        <test-method signature="preJira()[pri:0, instance:qaclickacademy.Mavenjava.restApiTest@1018bde2]" started-at="2020-08-31T12:31:45 CDT" name="preJira" finished-at="2020-08-31T12:31:45 CDT" duration-ms="1" status="PASS">
          <reporter-output>
          </reporter-output>
        </test-method> <!-- preJira -->
      </class> <!-- qaclickacademy.Mavenjava.restApiTest -->
    </test> <!-- Test -->
  </suite> <!-- Suite -->
</testng-results>
